2023-05-19 03:13:14.886+0000 WARN  Use of deprecated setting 'dbms.memory.pagecache.size'. It is replaced by 'server.memory.pagecache.size'.
2023-05-19 03:13:14.896+0000 WARN  Use of deprecated setting 'dbms.memory.heap.max_size'. It is replaced by 'server.memory.heap.max_size'.
2023-05-19 03:13:14.904+0000 INFO  Starting...
2023-05-19 03:13:15.946+0000 INFO  This instance is ServerId{ea0819c0} (ea0819c0-f25f-4e4f-8679-d6363b93bb40)
2023-05-19 03:13:16.878+0000 INFO  ======== Neo4j 5.7.0 ========
2023-05-19 03:13:20.337+0000 INFO  Bolt enabled on 0.0.0.0:7687.
2023-05-19 03:13:21.324+0000 INFO  Remote interface available at http://localhost:7474/
2023-05-19 03:13:21.335+0000 INFO  id: 23517D66786BC361D80613C48F1437BB51BB5BE8B60290E02CA98F0E0DA0C052
2023-05-19 03:13:21.338+0000 INFO  name: system
2023-05-19 03:13:21.340+0000 INFO  creationDate: 2023-05-19T03:13:17.827Z
2023-05-19 03:13:21.343+0000 INFO  Started.
2023-05-19 03:51:05.506+0000 WARN  Use of deprecated setting 'dbms.memory.pagecache.size'. It is replaced by 'server.memory.pagecache.size'.
2023-05-19 03:51:05.513+0000 WARN  Use of deprecated setting 'dbms.memory.heap.max_size'. It is replaced by 'server.memory.heap.max_size'.
2023-05-19 03:51:05.526+0000 INFO  Starting...
2023-05-19 03:51:06.956+0000 INFO  This instance is ServerId{ea0819c0} (ea0819c0-f25f-4e4f-8679-d6363b93bb40)
2023-05-19 03:51:08.729+0000 INFO  ======== Neo4j 5.7.0 ========
2023-05-19 03:51:14.648+0000 INFO  Bolt enabled on 0.0.0.0:7687.
2023-05-19 03:51:15.592+0000 INFO  Remote interface available at http://localhost:7474/
2023-05-19 03:51:15.599+0000 INFO  id: 23517D66786BC361D80613C48F1437BB51BB5BE8B60290E02CA98F0E0DA0C052
2023-05-19 03:51:15.601+0000 INFO  name: system
2023-05-19 03:51:15.603+0000 INFO  creationDate: 2023-05-19T03:13:17.827Z
2023-05-19 03:51:15.605+0000 INFO  Started.
2023-05-19 03:56:51.666+0000 WARN  The client is unauthorized due to authentication failure.
2023-05-19 03:56:51.715+0000 WARN  The client is unauthorized due to authentication failure.
2023-05-19 03:56:51.753+0000 WARN  The client is unauthorized due to authentication failure.
2023-05-19 03:56:51.818+0000 WARN  The client has provided incorrect authentication details too many times in a row.
2023-05-19 03:57:18.021+0000 WARN  The client is unauthorized due to authentication failure.
2023-05-19 03:57:18.085+0000 WARN  The client is unauthorized due to authentication failure.
2023-05-19 06:48:03.534+0000 ERROR Client triggered an unexpected error [Neo.DatabaseError.General.UnknownError]: Lexical error at line 1, column 177.  Encountered: <EOF> after : "", reference 31fb7a3f-fbd7-4dc3-9cdc-934d9e9a9d4b.
2023-05-19 08:30:14.512+0000 INFO  Neo4j Server shutdown initiated by request
2023-05-19 08:30:14.535+0000 INFO  Stopping...
2023-05-19 08:30:20.028+0000 INFO  Stopped.
2023-05-22 06:09:31.512+0000 WARN  Use of deprecated setting 'dbms.memory.pagecache.size'. It is replaced by 'server.memory.pagecache.size'.
2023-05-22 06:09:31.521+0000 WARN  Use of deprecated setting 'dbms.memory.heap.max_size'. It is replaced by 'server.memory.heap.max_size'.
2023-05-22 06:09:31.532+0000 INFO  Starting...
2023-05-22 06:09:32.905+0000 INFO  This instance is ServerId{ea0819c0} (ea0819c0-f25f-4e4f-8679-d6363b93bb40)
2023-05-22 06:09:34.699+0000 INFO  ======== Neo4j 5.7.0 ========
2023-05-22 06:09:40.290+0000 INFO  Bolt enabled on 0.0.0.0:7687.
2023-05-22 06:09:41.308+0000 INFO  Remote interface available at http://localhost:7474/
2023-05-22 06:09:41.314+0000 INFO  id: 23517D66786BC361D80613C48F1437BB51BB5BE8B60290E02CA98F0E0DA0C052
2023-05-22 06:09:41.316+0000 INFO  name: system
2023-05-22 06:09:41.318+0000 INFO  creationDate: 2023-05-19T03:13:17.827Z
2023-05-22 06:09:41.320+0000 INFO  Started.
2023-05-22 06:51:58.566+0000 INFO  Neo4j Server shutdown initiated by request
2023-05-22 06:51:58.597+0000 INFO  Stopping...
2023-05-22 06:52:05.110+0000 INFO  Stopped.
2023-05-22 06:52:31.651+0000 WARN  Use of deprecated setting 'dbms.memory.pagecache.size'. It is replaced by 'server.memory.pagecache.size'.
2023-05-22 06:52:31.657+0000 WARN  Use of deprecated setting 'dbms.memory.heap.max_size'. It is replaced by 'server.memory.heap.max_size'.
2023-05-22 06:52:31.661+0000 INFO  Starting...
2023-05-22 06:52:32.614+0000 INFO  This instance is ServerId{ea0819c0} (ea0819c0-f25f-4e4f-8679-d6363b93bb40)
2023-05-22 06:52:34.282+0000 INFO  ======== Neo4j 5.7.0 ========
2023-05-22 06:52:38.552+0000 INFO  Bolt enabled on 0.0.0.0:7687.
2023-05-22 06:52:39.538+0000 INFO  Remote interface available at http://localhost:7474/
2023-05-22 06:52:39.543+0000 INFO  id: 23517D66786BC361D80613C48F1437BB51BB5BE8B60290E02CA98F0E0DA0C052
2023-05-22 06:52:39.545+0000 INFO  name: system
2023-05-22 06:52:39.547+0000 INFO  creationDate: 2023-05-19T03:13:17.827Z
2023-05-22 06:52:39.548+0000 INFO  Started.
2023-05-22 07:07:09.124+0000 INFO  Neo4j Server shutdown initiated by request
2023-05-22 07:07:09.127+0000 INFO  Stopping...
2023-05-22 07:07:15.517+0000 INFO  Stopped.
2023-05-22 07:09:23.232+0000 WARN  Use of deprecated setting 'dbms.memory.pagecache.size'. It is replaced by 'server.memory.pagecache.size'.
2023-05-22 07:09:23.241+0000 WARN  Use of deprecated setting 'dbms.memory.heap.max_size'. It is replaced by 'server.memory.heap.max_size'.
2023-05-22 07:09:23.258+0000 INFO  Starting...
2023-05-22 07:09:24.147+0000 INFO  This instance is ServerId{ea0819c0} (ea0819c0-f25f-4e4f-8679-d6363b93bb40)
2023-05-22 07:09:25.505+0000 INFO  ======== Neo4j 5.7.0 ========
2023-05-22 07:09:31.113+0000 INFO  Bolt enabled on 0.0.0.0:7687.
2023-05-22 07:09:31.973+0000 INFO  Remote interface available at http://localhost:7474/
2023-05-22 07:09:31.979+0000 INFO  id: 23517D66786BC361D80613C48F1437BB51BB5BE8B60290E02CA98F0E0DA0C052
2023-05-22 07:09:31.981+0000 INFO  name: system
2023-05-22 07:09:31.983+0000 INFO  creationDate: 2023-05-19T03:13:17.827Z
2023-05-22 07:09:31.985+0000 INFO  Started.
2023-05-22 07:11:58.802+0000 INFO  Neo4j Server shutdown initiated by request
2023-05-22 07:11:58.816+0000 INFO  Stopping...
2023-05-22 07:22:09.349+0000 WARN  Use of deprecated setting 'dbms.memory.pagecache.size'. It is replaced by 'server.memory.pagecache.size'.
2023-05-22 07:22:09.356+0000 WARN  Use of deprecated setting 'dbms.memory.heap.max_size'. It is replaced by 'server.memory.heap.max_size'.
2023-05-22 07:22:09.362+0000 INFO  Starting...
2023-05-22 07:22:09.999+0000 INFO  This instance is ServerId{ea0819c0} (ea0819c0-f25f-4e4f-8679-d6363b93bb40)
2023-05-22 07:22:10.941+0000 INFO  ======== Neo4j 5.7.0 ========
2023-05-22 07:22:14.955+0000 INFO  Bolt enabled on 0.0.0.0:7687.
2023-05-22 07:22:15.915+0000 INFO  Remote interface available at http://localhost:7474/
2023-05-22 07:22:15.921+0000 INFO  id: 23517D66786BC361D80613C48F1437BB51BB5BE8B60290E02CA98F0E0DA0C052
2023-05-22 07:22:15.923+0000 INFO  name: system
2023-05-22 07:22:15.925+0000 INFO  creationDate: 2023-05-19T03:13:17.827Z
2023-05-22 07:22:15.927+0000 INFO  Started.
2023-05-22 07:24:57.304+0000 INFO  Neo4j Server shutdown initiated by request
2023-05-22 07:24:57.310+0000 INFO  Stopping...
2023-05-22 07:25:03.461+0000 INFO  Stopped.
2023-05-22 07:25:32.121+0000 WARN  Use of deprecated setting 'dbms.memory.pagecache.size'. It is replaced by 'server.memory.pagecache.size'.
2023-05-22 07:25:32.128+0000 WARN  Use of deprecated setting 'dbms.memory.heap.max_size'. It is replaced by 'server.memory.heap.max_size'.
2023-05-22 07:25:32.134+0000 INFO  Starting...
2023-05-22 07:25:33.022+0000 INFO  This instance is ServerId{ea0819c0} (ea0819c0-f25f-4e4f-8679-d6363b93bb40)
2023-05-22 07:25:34.419+0000 INFO  ======== Neo4j 5.7.0 ========
2023-05-22 07:25:40.895+0000 INFO  Bolt enabled on 0.0.0.0:7687.
2023-05-22 07:25:41.809+0000 INFO  Remote interface available at http://localhost:7474/
2023-05-22 07:25:41.816+0000 INFO  id: 23517D66786BC361D80613C48F1437BB51BB5BE8B60290E02CA98F0E0DA0C052
2023-05-22 07:25:41.819+0000 INFO  name: system
2023-05-22 07:25:41.821+0000 INFO  creationDate: 2023-05-19T03:13:17.827Z
2023-05-22 07:25:41.823+0000 INFO  Started.
2023-05-22 07:33:00.323+0000 INFO  Neo4j Server shutdown initiated by request
2023-05-22 07:33:00.330+0000 INFO  Stopping...
2023-05-22 07:33:06.822+0000 INFO  Stopped.
2023-05-22 07:33:42.088+0000 WARN  Use of deprecated setting 'dbms.memory.pagecache.size'. It is replaced by 'server.memory.pagecache.size'.
2023-05-22 07:33:42.100+0000 WARN  Use of deprecated setting 'dbms.memory.heap.max_size'. It is replaced by 'server.memory.heap.max_size'.
2023-05-22 07:33:42.107+0000 INFO  Starting...
2023-05-22 07:33:43.034+0000 INFO  This instance is ServerId{ea0819c0} (ea0819c0-f25f-4e4f-8679-d6363b93bb40)
2023-05-22 07:33:44.266+0000 INFO  ======== Neo4j 5.7.0 ========
2023-05-22 07:33:48.994+0000 INFO  Bolt enabled on 0.0.0.0:7687.
2023-05-22 07:33:50.021+0000 INFO  Remote interface available at http://localhost:7474/
2023-05-22 07:33:50.028+0000 INFO  id: 23517D66786BC361D80613C48F1437BB51BB5BE8B60290E02CA98F0E0DA0C052
2023-05-22 07:33:50.030+0000 INFO  name: system
2023-05-22 07:33:50.032+0000 INFO  creationDate: 2023-05-19T03:13:17.827Z
2023-05-22 07:33:50.034+0000 INFO  Started.
2023-05-22 07:36:24.220+0000 INFO  Neo4j Server shutdown initiated by request
2023-05-22 07:36:24.224+0000 INFO  Stopping...
2023-05-22 07:36:30.413+0000 INFO  Stopped.
2023-05-22 07:37:05.575+0000 WARN  Use of deprecated setting 'dbms.memory.pagecache.size'. It is replaced by 'server.memory.pagecache.size'.
2023-05-22 07:37:05.584+0000 WARN  Use of deprecated setting 'dbms.memory.heap.max_size'. It is replaced by 'server.memory.heap.max_size'.
2023-05-22 07:37:05.590+0000 INFO  Starting...
2023-05-22 07:37:06.447+0000 INFO  This instance is ServerId{ea0819c0} (ea0819c0-f25f-4e4f-8679-d6363b93bb40)
2023-05-22 07:37:07.807+0000 INFO  ======== Neo4j 5.7.0 ========
2023-05-22 07:37:13.462+0000 INFO  Bolt enabled on 0.0.0.0:7687.
2023-05-22 07:37:14.348+0000 INFO  Remote interface available at http://localhost:7474/
2023-05-22 07:37:14.354+0000 INFO  id: 23517D66786BC361D80613C48F1437BB51BB5BE8B60290E02CA98F0E0DA0C052
2023-05-22 07:37:14.356+0000 INFO  name: system
2023-05-22 07:37:14.359+0000 INFO  creationDate: 2023-05-19T03:13:17.827Z
2023-05-22 07:37:14.361+0000 INFO  Started.
2023-05-22 07:43:30.920+0000 INFO  Neo4j Server shutdown initiated by request
2023-05-22 07:43:30.942+0000 INFO  Stopping...
2023-05-22 07:43:37.836+0000 INFO  Stopped.
2023-05-22 07:44:09.611+0000 WARN  Use of deprecated setting 'dbms.memory.pagecache.size'. It is replaced by 'server.memory.pagecache.size'.
2023-05-22 07:44:09.623+0000 WARN  Use of deprecated setting 'dbms.memory.heap.max_size'. It is replaced by 'server.memory.heap.max_size'.
2023-05-22 07:44:09.631+0000 INFO  Starting...
2023-05-22 07:44:11.493+0000 INFO  This instance is ServerId{ea0819c0} (ea0819c0-f25f-4e4f-8679-d6363b93bb40)
2023-05-22 07:44:14.169+0000 INFO  ======== Neo4j 5.7.0 ========
2023-05-22 07:44:21.521+0000 INFO  Bolt enabled on 0.0.0.0:7687.
2023-05-22 07:44:23.379+0000 INFO  Remote interface available at http://localhost:7474/
2023-05-22 07:44:23.392+0000 INFO  id: 23517D66786BC361D80613C48F1437BB51BB5BE8B60290E02CA98F0E0DA0C052
2023-05-22 07:44:23.396+0000 INFO  name: system
2023-05-22 07:44:23.400+0000 INFO  creationDate: 2023-05-19T03:13:17.827Z
2023-05-22 07:44:23.403+0000 INFO  Started.
2023-05-22 10:17:21.497+0000 INFO  Neo4j Server shutdown initiated by request
2023-05-22 10:17:21.516+0000 INFO  Stopping...
2023-05-22 10:17:27.852+0000 INFO  Stopped.
2023-05-23 01:54:23.013+0000 WARN  Use of deprecated setting 'dbms.memory.pagecache.size'. It is replaced by 'server.memory.pagecache.size'.
2023-05-23 01:54:23.022+0000 WARN  Use of deprecated setting 'dbms.memory.heap.max_size'. It is replaced by 'server.memory.heap.max_size'.
2023-05-23 01:54:23.027+0000 INFO  Starting...
2023-05-23 01:54:24.109+0000 INFO  This instance is ServerId{ea0819c0} (ea0819c0-f25f-4e4f-8679-d6363b93bb40)
2023-05-23 01:54:25.508+0000 INFO  ======== Neo4j 5.7.0 ========
2023-05-23 01:54:32.243+0000 INFO  Bolt enabled on 0.0.0.0:7687.
2023-05-23 01:54:33.338+0000 INFO  Remote interface available at http://localhost:7474/
2023-05-23 01:54:33.343+0000 INFO  id: 23517D66786BC361D80613C48F1437BB51BB5BE8B60290E02CA98F0E0DA0C052
2023-05-23 01:54:33.345+0000 INFO  name: system
2023-05-23 01:54:33.347+0000 INFO  creationDate: 2023-05-19T03:13:17.827Z
2023-05-23 01:54:33.349+0000 INFO  Started.
2023-05-23 08:22:50.919+0000 INFO  Neo4j Server shutdown initiated by request
2023-05-23 08:22:50.949+0000 INFO  Stopping...
2023-05-23 08:22:57.948+0000 INFO  Stopped.
2023-05-24 01:42:41.068+0000 WARN  Use of deprecated setting 'dbms.memory.pagecache.size'. It is replaced by 'server.memory.pagecache.size'.
2023-05-24 01:42:41.078+0000 WARN  Use of deprecated setting 'dbms.memory.heap.max_size'. It is replaced by 'server.memory.heap.max_size'.
2023-05-24 01:42:41.085+0000 INFO  Starting...
2023-05-24 01:42:42.475+0000 INFO  This instance is ServerId{ea0819c0} (ea0819c0-f25f-4e4f-8679-d6363b93bb40)
2023-05-24 01:42:44.455+0000 INFO  ======== Neo4j 5.7.0 ========
2023-05-24 01:42:49.808+0000 INFO  Bolt enabled on 0.0.0.0:7687.
2023-05-24 01:42:50.847+0000 INFO  Remote interface available at http://localhost:7474/
2023-05-24 01:42:50.853+0000 INFO  id: 23517D66786BC361D80613C48F1437BB51BB5BE8B60290E02CA98F0E0DA0C052
2023-05-24 01:42:50.855+0000 INFO  name: system
2023-05-24 01:42:50.857+0000 INFO  creationDate: 2023-05-19T03:13:17.827Z
2023-05-24 01:42:50.859+0000 INFO  Started.
2023-05-24 06:33:13.232+0000 WARN  Unsupported authentication token, missing key `credentials`
2023-05-24 06:36:10.875+0000 WARN  Unsupported authentication token, missing key `credentials`
2023-05-24 06:38:18.881+0000 WARN  Unsupported authentication token, missing key `credentials`
2023-05-24 06:40:52.939+0000 WARN  Unsupported authentication token, missing key `credentials`
2023-05-24 06:41:32.503+0000 WARN  Unsupported authentication token, missing key `credentials`
2023-05-24 06:42:20.799+0000 WARN  The client is unauthorized due to authentication failure.
2023-05-24 06:42:20.830+0000 WARN  The client is unauthorized due to authentication failure.
2023-05-24 06:42:40.574+0000 WARN  Unsupported authentication token, missing key `credentials`
2023-05-24 06:43:06.200+0000 WARN  Unsupported authentication token, missing key `credentials`
2023-05-24 06:54:28.927+0000 ERROR Client triggered an unexpected error [Neo.DatabaseError.Statement.ExecutionFailed]: The given query uses 16 CALL clauses (15 too many). 
The system database supports a restricted set of Cypher clauses. The supported clause structure for procedure calls is: CALL, YIELD, RETURN. YIELD and RETURN clauses are optional. The order of the clauses is fixed and each can only occur once., reference 96c0a124-8fae-4ff0-91a4-0dfa8410c99e.
2023-05-24 06:57:09.703+0000 ERROR [bolt-291] Terminating connection due to unexpected error
org.neo4j.bolt.protocol.error.streaming.BoltStreamingWriteException: Failed to transmit operation result: Response write failure
	at org.neo4j.bolt.protocol.common.fsm.response.NetworkResponseHandler.onSuccess(NetworkResponseHandler.java:184) ~[neo4j-bolt-5.7.0.jar:5.7.0]
	at org.neo4j.bolt.protocol.common.fsm.AbstractStateMachine.after(AbstractStateMachine.java:112) ~[neo4j-bolt-5.7.0.jar:5.7.0]
	at org.neo4j.bolt.protocol.common.fsm.AbstractStateMachine.process(AbstractStateMachine.java:88) ~[neo4j-bolt-5.7.0.jar:5.7.0]
	at org.neo4j.bolt.protocol.common.connector.connection.AtomicSchedulingConnection.lambda$submit$4(AtomicSchedulingConnection.java:123) ~[neo4j-bolt-5.7.0.jar:5.7.0]
	at org.neo4j.bolt.protocol.common.connector.connection.AtomicSchedulingConnection.executeJob(AtomicSchedulingConnection.java:345) ~[neo4j-bolt-5.7.0.jar:5.7.0]
	at org.neo4j.bolt.protocol.common.connector.connection.AtomicSchedulingConnection.doExecuteJobs(AtomicSchedulingConnection.java:280) ~[neo4j-bolt-5.7.0.jar:5.7.0]
	at org.neo4j.bolt.protocol.common.connector.connection.AtomicSchedulingConnection.executeJobs(AtomicSchedulingConnection.java:222) ~[neo4j-bolt-5.7.0.jar:5.7.0]
	at java.util.concurrent.Executors$RunnableAdapter.call(Executors.java:539) [?:?]
	at java.util.concurrent.FutureTask.run(FutureTask.java:264) [?:?]
	at java.util.concurrent.ThreadPoolExecutor.runWorker(ThreadPoolExecutor.java:1136) [?:?]
	at java.util.concurrent.ThreadPoolExecutor$Worker.run(ThreadPoolExecutor.java:635) [?:?]
	at java.lang.Thread.run(Thread.java:833) [?:?]
Caused by: io.netty.channel.StacklessClosedChannelException
	at io.netty.channel.AbstractChannel$AbstractUnsafe.write(Object, ChannelPromise)(Unknown Source) ~[netty-transport-4.1.89.Final.jar:4.1.89.Final]
2023-05-24 07:04:36.250+0000 ERROR Client triggered an unexpected error [Neo.DatabaseError.Statement.ExecutionFailed]: The given query uses 16 CALL clauses (15 too many). 
The system database supports a restricted set of Cypher clauses. The supported clause structure for procedure calls is: CALL, YIELD, RETURN. YIELD and RETURN clauses are optional. The order of the clauses is fixed and each can only occur once., reference ad5536ec-6e7f-4df4-b235-7829f3a3ac9f.
2023-05-25 06:09:07.257+0000 WARN  Use of deprecated setting 'dbms.memory.pagecache.size'. It is replaced by 'server.memory.pagecache.size'.
2023-05-25 06:09:07.262+0000 WARN  Use of deprecated setting 'dbms.memory.heap.max_size'. It is replaced by 'server.memory.heap.max_size'.
2023-05-25 06:09:07.265+0000 INFO  Starting...
2023-05-25 06:09:07.845+0000 INFO  This instance is ServerId{ea0819c0} (ea0819c0-f25f-4e4f-8679-d6363b93bb40)
2023-05-25 06:09:08.556+0000 INFO  ======== Neo4j 5.7.0 ========
2023-05-25 06:09:13.653+0000 INFO  Bolt enabled on 0.0.0.0:7687.
2023-05-25 06:09:14.924+0000 INFO  Remote interface available at http://localhost:7474/
2023-05-25 06:09:14.932+0000 INFO  id: 23517D66786BC361D80613C48F1437BB51BB5BE8B60290E02CA98F0E0DA0C052
2023-05-25 06:09:14.934+0000 INFO  name: system
2023-05-25 06:09:14.936+0000 INFO  creationDate: 2023-05-19T03:13:17.827Z
2023-05-25 06:09:14.938+0000 INFO  Started.
2023-05-25 06:15:26.609+0000 INFO  Neo4j Server shutdown initiated by request
2023-05-25 06:15:26.613+0000 INFO  Stopping...
2023-05-25 06:15:32.218+0000 INFO  Stopped.
2023-05-25 06:16:00.751+0000 WARN  Use of deprecated setting 'dbms.memory.pagecache.size'. It is replaced by 'server.memory.pagecache.size'.
2023-05-25 06:16:00.757+0000 WARN  Use of deprecated setting 'dbms.memory.heap.max_size'. It is replaced by 'server.memory.heap.max_size'.
2023-05-25 06:16:00.760+0000 INFO  Starting...
2023-05-25 06:16:01.489+0000 INFO  This instance is ServerId{ea0819c0} (ea0819c0-f25f-4e4f-8679-d6363b93bb40)
2023-05-25 06:16:02.271+0000 INFO  ======== Neo4j 5.7.0 ========
2023-05-25 06:16:05.901+0000 INFO  Bolt enabled on 0.0.0.0:7687.
2023-05-25 06:16:06.965+0000 INFO  Remote interface available at http://localhost:7474/
2023-05-25 06:16:06.970+0000 INFO  id: 23517D66786BC361D80613C48F1437BB51BB5BE8B60290E02CA98F0E0DA0C052
2023-05-25 06:16:06.972+0000 INFO  name: system
2023-05-25 06:16:06.973+0000 INFO  creationDate: 2023-05-19T03:13:17.827Z
2023-05-25 06:16:06.974+0000 INFO  Started.
2023-05-25 08:59:08.851+0000 INFO  Neo4j Server shutdown initiated by request
2023-05-25 08:59:08.871+0000 INFO  Stopping...
2023-05-25 08:59:14.877+0000 INFO  Stopped.
2023-05-25 09:04:15.343+0000 WARN  Use of deprecated setting 'dbms.memory.pagecache.size'. It is replaced by 'server.memory.pagecache.size'.
2023-05-25 09:04:15.351+0000 WARN  Use of deprecated setting 'dbms.memory.heap.max_size'. It is replaced by 'server.memory.heap.max_size'.
2023-05-25 09:04:15.355+0000 INFO  Starting...
2023-05-25 09:04:16.036+0000 INFO  This instance is ServerId{ea0819c0} (ea0819c0-f25f-4e4f-8679-d6363b93bb40)
2023-05-25 09:04:17.209+0000 INFO  ======== Neo4j 5.7.0 ========
2023-05-25 09:04:20.784+0000 INFO  Bolt enabled on 0.0.0.0:7687.
2023-05-25 09:04:21.702+0000 INFO  Remote interface available at http://localhost:7474/
2023-05-25 09:04:21.707+0000 INFO  id: 23517D66786BC361D80613C48F1437BB51BB5BE8B60290E02CA98F0E0DA0C052
2023-05-25 09:04:21.709+0000 INFO  name: system
2023-05-25 09:04:21.711+0000 INFO  creationDate: 2023-05-19T03:13:17.827Z
2023-05-25 09:04:21.713+0000 INFO  Started.
2023-05-25 09:05:23.091+0000 INFO  Neo4j Server shutdown initiated by request
2023-05-25 09:05:23.093+0000 INFO  Stopping...
2023-05-25 09:05:28.492+0000 INFO  Stopped.
2023-05-25 09:06:27.144+0000 WARN  Use of deprecated setting 'dbms.memory.pagecache.size'. It is replaced by 'server.memory.pagecache.size'.
2023-05-25 09:06:27.149+0000 WARN  Use of deprecated setting 'dbms.memory.heap.max_size'. It is replaced by 'server.memory.heap.max_size'.
2023-05-25 09:06:27.153+0000 INFO  Starting...
2023-05-25 09:06:27.846+0000 INFO  This instance is ServerId{ea0819c0} (ea0819c0-f25f-4e4f-8679-d6363b93bb40)
2023-05-25 09:06:28.903+0000 INFO  ======== Neo4j 5.7.0 ========
2023-05-25 09:06:32.486+0000 INFO  Bolt enabled on 0.0.0.0:7687.
2023-05-25 09:06:33.499+0000 INFO  Remote interface available at http://localhost:7474/
2023-05-25 09:06:33.506+0000 INFO  id: 23517D66786BC361D80613C48F1437BB51BB5BE8B60290E02CA98F0E0DA0C052
2023-05-25 09:06:33.508+0000 INFO  name: system
2023-05-25 09:06:33.511+0000 INFO  creationDate: 2023-05-19T03:13:17.827Z
2023-05-25 09:06:33.513+0000 INFO  Started.
2023-05-25 09:06:37.176+0000 INFO  Neo4j Server shutdown initiated by request
2023-05-25 09:06:37.178+0000 INFO  Stopping...
2023-05-25 09:06:42.575+0000 INFO  Stopped.
2023-05-25 09:07:55.330+0000 WARN  Use of deprecated setting 'dbms.memory.pagecache.size'. It is replaced by 'server.memory.pagecache.size'.
2023-05-25 09:07:55.335+0000 WARN  Use of deprecated setting 'dbms.memory.heap.max_size'. It is replaced by 'server.memory.heap.max_size'.
2023-05-25 09:07:55.338+0000 INFO  Starting...
2023-05-25 09:07:55.896+0000 INFO  This instance is ServerId{ea0819c0} (ea0819c0-f25f-4e4f-8679-d6363b93bb40)
2023-05-25 09:07:56.772+0000 INFO  ======== Neo4j 5.7.0 ========
2023-05-25 09:07:59.988+0000 INFO  Bolt enabled on 0.0.0.0:7687.
2023-05-25 09:08:01.008+0000 INFO  Remote interface available at http://localhost:7474/
2023-05-25 09:08:01.013+0000 INFO  id: 23517D66786BC361D80613C48F1437BB51BB5BE8B60290E02CA98F0E0DA0C052
2023-05-25 09:08:01.015+0000 INFO  name: system
2023-05-25 09:08:01.016+0000 INFO  creationDate: 2023-05-19T03:13:17.827Z
2023-05-25 09:08:01.018+0000 INFO  Started.
2023-05-25 09:29:20.700+0000 INFO  Neo4j Server shutdown initiated by request
2023-05-25 09:29:20.703+0000 INFO  Stopping...
2023-05-25 09:29:26.169+0000 INFO  Stopped.
2023-05-25 09:29:46.999+0000 WARN  Use of deprecated setting 'dbms.memory.pagecache.size'. It is replaced by 'server.memory.pagecache.size'.
2023-05-25 09:29:47.005+0000 WARN  Use of deprecated setting 'dbms.memory.heap.max_size'. It is replaced by 'server.memory.heap.max_size'.
2023-05-25 09:29:47.009+0000 INFO  Starting...
2023-05-25 09:29:47.580+0000 INFO  This instance is ServerId{ea0819c0} (ea0819c0-f25f-4e4f-8679-d6363b93bb40)
2023-05-25 09:29:48.454+0000 INFO  ======== Neo4j 5.7.0 ========
2023-05-25 09:29:51.414+0000 INFO  Bolt enabled on 0.0.0.0:7687.
2023-05-25 09:29:52.302+0000 INFO  Remote interface available at http://localhost:7474/
2023-05-25 09:29:52.309+0000 INFO  id: 23517D66786BC361D80613C48F1437BB51BB5BE8B60290E02CA98F0E0DA0C052
2023-05-25 09:29:52.311+0000 INFO  name: system
2023-05-25 09:29:52.313+0000 INFO  creationDate: 2023-05-19T03:13:17.827Z
2023-05-25 09:29:52.315+0000 INFO  Started.
2023-05-25 09:37:54.285+0000 INFO  Neo4j Server shutdown initiated by request
2023-05-25 09:37:54.288+0000 INFO  Stopping...
2023-05-25 09:37:59.788+0000 INFO  Stopped.
2023-05-25 09:39:08.111+0000 WARN  Use of deprecated setting 'dbms.memory.pagecache.size'. It is replaced by 'server.memory.pagecache.size'.
2023-05-25 09:39:08.118+0000 WARN  Use of deprecated setting 'dbms.memory.heap.max_size'. It is replaced by 'server.memory.heap.max_size'.
2023-05-25 09:39:08.122+0000 INFO  Starting...
2023-05-25 09:39:08.873+0000 INFO  This instance is ServerId{ea0819c0} (ea0819c0-f25f-4e4f-8679-d6363b93bb40)
2023-05-25 09:39:09.954+0000 INFO  ======== Neo4j 5.7.0 ========
2023-05-25 09:39:13.915+0000 INFO  Bolt enabled on 0.0.0.0:7687.
2023-05-25 09:39:15.043+0000 INFO  Remote interface available at http://localhost:7474/
2023-05-25 09:39:15.052+0000 INFO  id: 23517D66786BC361D80613C48F1437BB51BB5BE8B60290E02CA98F0E0DA0C052
2023-05-25 09:39:15.054+0000 INFO  name: system
2023-05-25 09:39:15.057+0000 INFO  creationDate: 2023-05-19T03:13:17.827Z
2023-05-25 09:39:15.059+0000 INFO  Started.
2023-05-25 09:46:55.906+0000 INFO  Neo4j Server shutdown initiated by request
2023-05-25 09:46:55.909+0000 INFO  Stopping...
2023-05-25 09:47:01.440+0000 INFO  Stopped.
2023-05-25 09:47:28.997+0000 WARN  Use of deprecated setting 'dbms.memory.pagecache.size'. It is replaced by 'server.memory.pagecache.size'.
2023-05-25 09:47:29.004+0000 WARN  Use of deprecated setting 'dbms.memory.heap.max_size'. It is replaced by 'server.memory.heap.max_size'.
2023-05-25 09:47:29.008+0000 INFO  Starting...
2023-05-25 09:47:29.793+0000 INFO  This instance is ServerId{ea0819c0} (ea0819c0-f25f-4e4f-8679-d6363b93bb40)
2023-05-25 09:47:30.779+0000 INFO  ======== Neo4j 5.7.0 ========
2023-05-25 09:47:35.386+0000 INFO  Bolt enabled on 0.0.0.0:7687.
2023-05-25 09:47:36.659+0000 INFO  Remote interface available at http://localhost:7474/
2023-05-25 09:47:36.666+0000 INFO  id: 23517D66786BC361D80613C48F1437BB51BB5BE8B60290E02CA98F0E0DA0C052
2023-05-25 09:47:36.668+0000 INFO  name: system
2023-05-25 09:47:36.670+0000 INFO  creationDate: 2023-05-19T03:13:17.827Z
2023-05-25 09:47:36.672+0000 INFO  Started.
2023-05-25 09:49:03.001+0000 INFO  Neo4j Server shutdown initiated by request
2023-05-25 09:49:03.003+0000 INFO  Stopping...
2023-05-25 09:49:08.585+0000 INFO  Stopped.
2023-05-25 09:51:10.529+0000 WARN  Use of deprecated setting 'dbms.memory.pagecache.size'. It is replaced by 'server.memory.pagecache.size'.
2023-05-25 09:51:10.537+0000 WARN  Use of deprecated setting 'dbms.memory.heap.max_size'. It is replaced by 'server.memory.heap.max_size'.
2023-05-25 09:51:10.542+0000 INFO  Starting...
2023-05-25 09:51:11.611+0000 INFO  This instance is ServerId{ea0819c0} (ea0819c0-f25f-4e4f-8679-d6363b93bb40)
2023-05-25 09:51:12.855+0000 INFO  ======== Neo4j 5.7.0 ========
2023-05-25 09:51:16.754+0000 INFO  Bolt enabled on 0.0.0.0:7687.
2023-05-25 09:51:17.865+0000 INFO  Remote interface available at http://localhost:7474/
2023-05-25 09:51:17.872+0000 INFO  id: 23517D66786BC361D80613C48F1437BB51BB5BE8B60290E02CA98F0E0DA0C052
2023-05-25 09:51:17.875+0000 INFO  name: system
2023-05-25 09:51:17.878+0000 INFO  creationDate: 2023-05-19T03:13:17.827Z
2023-05-25 09:51:17.880+0000 INFO  Started.
2023-05-25 09:53:08.301+0000 INFO  Neo4j Server shutdown initiated by request
2023-05-25 09:53:08.304+0000 INFO  Stopping...
2023-05-25 09:53:13.827+0000 INFO  Stopped.
2023-05-25 09:58:40.877+0000 WARN  Use of deprecated setting 'dbms.memory.pagecache.size'. It is replaced by 'server.memory.pagecache.size'.
2023-05-25 09:58:40.883+0000 WARN  Use of deprecated setting 'dbms.memory.heap.max_size'. It is replaced by 'server.memory.heap.max_size'.
2023-05-25 09:58:40.886+0000 INFO  Starting...
2023-05-25 09:58:41.570+0000 INFO  This instance is ServerId{ea0819c0} (ea0819c0-f25f-4e4f-8679-d6363b93bb40)
2023-05-25 09:58:42.381+0000 INFO  ======== Neo4j 5.7.0 ========
2023-05-25 09:58:45.270+0000 INFO  Bolt enabled on 0.0.0.0:7687.
2023-05-25 09:58:46.135+0000 INFO  Remote interface available at http://localhost:7474/
2023-05-25 09:58:46.141+0000 INFO  id: 23517D66786BC361D80613C48F1437BB51BB5BE8B60290E02CA98F0E0DA0C052
2023-05-25 09:58:46.142+0000 INFO  name: system
2023-05-25 09:58:46.144+0000 INFO  creationDate: 2023-05-19T03:13:17.827Z
2023-05-25 09:58:46.146+0000 INFO  Started.
2023-05-25 10:03:39.609+0000 INFO  Neo4j Server shutdown initiated by request
2023-05-25 10:03:39.612+0000 INFO  Stopping...
2023-05-25 10:03:45.102+0000 INFO  Stopped.
2023-05-25 10:04:19.711+0000 WARN  Use of deprecated setting 'dbms.memory.pagecache.size'. It is replaced by 'server.memory.pagecache.size'.
2023-05-25 10:04:19.716+0000 WARN  Use of deprecated setting 'dbms.memory.heap.max_size'. It is replaced by 'server.memory.heap.max_size'.
2023-05-25 10:04:19.719+0000 INFO  Starting...
2023-05-25 10:04:20.472+0000 INFO  This instance is ServerId{ea0819c0} (ea0819c0-f25f-4e4f-8679-d6363b93bb40)
2023-05-25 10:04:21.387+0000 INFO  ======== Neo4j 5.7.0 ========
2023-05-25 10:04:24.387+0000 INFO  Bolt enabled on 0.0.0.0:7687.
2023-05-25 10:04:25.255+0000 INFO  Remote interface available at http://localhost:7474/
2023-05-25 10:04:25.261+0000 INFO  id: 23517D66786BC361D80613C48F1437BB51BB5BE8B60290E02CA98F0E0DA0C052
2023-05-25 10:04:25.263+0000 INFO  name: system
2023-05-25 10:04:25.266+0000 INFO  creationDate: 2023-05-19T03:13:17.827Z
2023-05-25 10:04:25.267+0000 INFO  Started.
2023-05-25 15:51:23.408+0000 INFO  Neo4j Server shutdown initiated by request
2023-05-25 15:51:23.437+0000 INFO  Stopping...
2023-05-25 15:51:29.601+0000 INFO  Stopped.
2023-05-25 15:52:01.134+0000 WARN  Use of deprecated setting 'dbms.memory.pagecache.size'. It is replaced by 'server.memory.pagecache.size'.
2023-05-25 15:52:01.145+0000 INFO  Starting...
2023-05-25 15:52:02.008+0000 INFO  This instance is ServerId{ea0819c0} (ea0819c0-f25f-4e4f-8679-d6363b93bb40)
2023-05-25 15:52:02.922+0000 INFO  ======== Neo4j 5.7.0 ========
2023-05-25 15:52:06.160+0000 INFO  Bolt enabled on 0.0.0.0:7687.
2023-05-25 15:52:07.391+0000 INFO  Remote interface available at http://localhost:7474/
2023-05-25 15:52:07.397+0000 INFO  id: 23517D66786BC361D80613C48F1437BB51BB5BE8B60290E02CA98F0E0DA0C052
2023-05-25 15:52:07.400+0000 INFO  name: system
2023-05-25 15:52:07.402+0000 INFO  creationDate: 2023-05-19T03:13:17.827Z
2023-05-25 15:52:07.404+0000 INFO  Started.
2023-05-25 15:57:56.051+0000 INFO  Neo4j Server shutdown initiated by request
2023-05-25 15:57:56.054+0000 INFO  Stopping...
2023-05-25 15:58:01.645+0000 INFO  Stopped.
2023-05-25 16:17:17.309+0000 WARN  Use of deprecated setting 'dbms.memory.pagecache.size'. It is replaced by 'server.memory.pagecache.size'.
2023-05-25 16:17:17.315+0000 INFO  Starting...
2023-05-25 16:17:17.980+0000 INFO  This instance is ServerId{ea0819c0} (ea0819c0-f25f-4e4f-8679-d6363b93bb40)
2023-05-25 16:17:18.847+0000 INFO  ======== Neo4j 5.7.0 ========
2023-05-25 16:17:22.185+0000 INFO  Bolt enabled on 0.0.0.0:7687.
2023-05-25 16:17:23.064+0000 INFO  Remote interface available at http://localhost:7474/
2023-05-25 16:17:23.071+0000 INFO  id: 23517D66786BC361D80613C48F1437BB51BB5BE8B60290E02CA98F0E0DA0C052
2023-05-25 16:17:23.074+0000 INFO  name: system
2023-05-25 16:17:23.075+0000 INFO  creationDate: 2023-05-19T03:13:17.827Z
2023-05-25 16:17:23.077+0000 INFO  Started.
2023-05-25 16:19:57.889+0000 INFO  Neo4j Server shutdown initiated by request
2023-05-25 16:19:57.891+0000 INFO  Stopping...
2023-05-25 16:20:03.279+0000 INFO  Stopped.
2023-05-25 16:20:56.733+0000 WARN  Use of deprecated setting 'dbms.memory.pagecache.size'. It is replaced by 'server.memory.pagecache.size'.
2023-05-25 16:20:56.743+0000 INFO  Starting...
2023-05-25 16:20:57.392+0000 INFO  This instance is ServerId{ea0819c0} (ea0819c0-f25f-4e4f-8679-d6363b93bb40)
2023-05-25 16:20:58.380+0000 INFO  ======== Neo4j 5.7.0 ========
2023-05-25 16:21:01.354+0000 INFO  Bolt enabled on 0.0.0.0:7687.
2023-05-25 16:21:02.264+0000 INFO  Remote interface available at http://localhost:7474/
2023-05-25 16:21:02.273+0000 INFO  id: 23517D66786BC361D80613C48F1437BB51BB5BE8B60290E02CA98F0E0DA0C052
2023-05-25 16:21:02.275+0000 INFO  name: system
2023-05-25 16:21:02.276+0000 INFO  creationDate: 2023-05-19T03:13:17.827Z
2023-05-25 16:21:02.279+0000 INFO  Started.
2023-05-25 16:22:05.185+0000 INFO  Neo4j Server shutdown initiated by request
2023-05-25 16:22:05.189+0000 INFO  Stopping...
2023-05-25 16:22:10.773+0000 INFO  Stopped.
2023-05-25 16:22:30.967+0000 WARN  Use of deprecated setting 'dbms.memory.pagecache.size'. It is replaced by 'server.memory.pagecache.size'.
2023-05-25 16:22:30.977+0000 INFO  Starting...
2023-05-25 16:22:31.505+0000 INFO  This instance is ServerId{ea0819c0} (ea0819c0-f25f-4e4f-8679-d6363b93bb40)
2023-05-25 16:22:32.202+0000 INFO  ======== Neo4j 5.7.0 ========
2023-05-25 16:22:34.876+0000 INFO  Bolt enabled on 0.0.0.0:7687.
2023-05-25 16:22:35.638+0000 INFO  Remote interface available at http://localhost:7474/
2023-05-25 16:22:35.643+0000 INFO  id: 23517D66786BC361D80613C48F1437BB51BB5BE8B60290E02CA98F0E0DA0C052
2023-05-25 16:22:35.644+0000 INFO  name: system
2023-05-25 16:22:35.646+0000 INFO  creationDate: 2023-05-19T03:13:17.827Z
2023-05-25 16:22:35.648+0000 INFO  Started.
2023-05-25 16:23:05.663+0000 INFO  Neo4j Server shutdown initiated by request
2023-05-25 16:23:05.665+0000 INFO  Stopping...
2023-05-25 16:23:11.055+0000 INFO  Stopped.
2023-05-26 02:34:08.504+0000 WARN  Use of deprecated setting 'dbms.memory.pagecache.size'. It is replaced by 'server.memory.pagecache.size'.
2023-05-26 02:34:08.513+0000 INFO  Starting...
2023-05-26 02:34:09.263+0000 INFO  This instance is ServerId{ea0819c0} (ea0819c0-f25f-4e4f-8679-d6363b93bb40)
2023-05-26 02:34:10.241+0000 INFO  ======== Neo4j 5.7.0 ========
2023-05-26 02:34:14.328+0000 INFO  Bolt enabled on 0.0.0.0:7687.
2023-05-26 02:34:15.398+0000 INFO  Remote interface available at http://localhost:7474/
2023-05-26 02:34:15.404+0000 INFO  id: 23517D66786BC361D80613C48F1437BB51BB5BE8B60290E02CA98F0E0DA0C052
2023-05-26 02:34:15.406+0000 INFO  name: system
2023-05-26 02:34:15.407+0000 INFO  creationDate: 2023-05-19T03:13:17.827Z
2023-05-26 02:34:15.410+0000 INFO  Started.
2023-05-26 02:35:51.841+0000 INFO  Neo4j Server shutdown initiated by request
2023-05-26 02:35:51.845+0000 INFO  Stopping...
2023-05-26 02:35:57.544+0000 INFO  Stopped.
2023-05-26 02:36:30.515+0000 WARN  Use of deprecated setting 'dbms.memory.pagecache.size'. It is replaced by 'server.memory.pagecache.size'.
2023-05-26 02:36:30.522+0000 INFO  Starting...
2023-05-26 02:36:31.117+0000 INFO  This instance is ServerId{ea0819c0} (ea0819c0-f25f-4e4f-8679-d6363b93bb40)
2023-05-26 02:36:31.901+0000 INFO  ======== Neo4j 5.7.0 ========
2023-05-26 02:36:34.906+0000 INFO  Bolt enabled on 0.0.0.0:7687.
2023-05-26 02:36:35.835+0000 INFO  Remote interface available at http://localhost:7474/
2023-05-26 02:36:35.840+0000 INFO  id: 23517D66786BC361D80613C48F1437BB51BB5BE8B60290E02CA98F0E0DA0C052
2023-05-26 02:36:35.842+0000 INFO  name: system
2023-05-26 02:36:35.843+0000 INFO  creationDate: 2023-05-19T03:13:17.827Z
2023-05-26 02:36:35.845+0000 INFO  Started.
2023-05-26 02:37:21.775+0000 INFO  Neo4j Server shutdown initiated by request
2023-05-26 02:37:21.777+0000 INFO  Stopping...
2023-05-26 02:37:27.365+0000 INFO  Stopped.
2023-05-26 02:48:43.275+0000 WARN  Use of deprecated setting 'dbms.memory.pagecache.size'. It is replaced by 'server.memory.pagecache.size'.
2023-05-26 02:48:43.286+0000 INFO  Starting...
2023-05-26 02:48:44.130+0000 INFO  This instance is ServerId{ea0819c0} (ea0819c0-f25f-4e4f-8679-d6363b93bb40)
2023-05-26 02:48:45.304+0000 INFO  ======== Neo4j 5.7.0 ========
2023-05-26 02:48:48.786+0000 INFO  Bolt enabled on 0.0.0.0:7687.
2023-05-26 02:48:49.733+0000 INFO  Remote interface available at http://localhost:7474/
2023-05-26 02:48:49.738+0000 INFO  id: 23517D66786BC361D80613C48F1437BB51BB5BE8B60290E02CA98F0E0DA0C052
2023-05-26 02:48:49.740+0000 INFO  name: system
2023-05-26 02:48:49.741+0000 INFO  creationDate: 2023-05-19T03:13:17.827Z
2023-05-26 02:48:49.743+0000 INFO  Started.
2023-05-26 02:49:19.390+0000 INFO  Neo4j Server shutdown initiated by request
2023-05-26 02:49:19.394+0000 INFO  Stopping...
2023-05-26 02:49:24.976+0000 INFO  Stopped.
2023-05-26 02:51:18.223+0000 WARN  Use of deprecated setting 'dbms.memory.pagecache.size'. It is replaced by 'server.memory.pagecache.size'.
2023-05-26 02:51:18.232+0000 INFO  Starting...
2023-05-26 02:51:19.010+0000 INFO  This instance is ServerId{ea0819c0} (ea0819c0-f25f-4e4f-8679-d6363b93bb40)
2023-05-26 02:51:19.987+0000 INFO  ======== Neo4j 5.7.0 ========
2023-05-26 02:51:22.984+0000 INFO  Bolt enabled on 0.0.0.0:7687.
2023-05-26 02:51:23.953+0000 INFO  Remote interface available at http://localhost:7474/
2023-05-26 02:51:23.960+0000 INFO  id: 23517D66786BC361D80613C48F1437BB51BB5BE8B60290E02CA98F0E0DA0C052
2023-05-26 02:51:23.963+0000 INFO  name: system
2023-05-26 02:51:23.965+0000 INFO  creationDate: 2023-05-19T03:13:17.827Z
2023-05-26 02:51:23.968+0000 INFO  Started.
2023-05-26 02:51:36.208+0000 INFO  Neo4j Server shutdown initiated by request
2023-05-26 02:51:36.212+0000 INFO  Stopping...
2023-05-26 02:51:42.080+0000 INFO  Stopped.
2023-05-26 02:56:45.028+0000 WARN  Use of deprecated setting 'dbms.memory.pagecache.size'. It is replaced by 'server.memory.pagecache.size'.
2023-05-26 02:56:45.037+0000 INFO  Starting...
2023-05-26 02:56:45.833+0000 INFO  This instance is ServerId{ea0819c0} (ea0819c0-f25f-4e4f-8679-d6363b93bb40)
2023-05-26 02:56:46.779+0000 INFO  ======== Neo4j 5.7.0 ========
2023-05-26 02:56:49.666+0000 INFO  Bolt enabled on 0.0.0.0:7687.
2023-05-26 02:56:50.707+0000 INFO  Remote interface available at http://localhost:7474/
2023-05-26 02:56:50.714+0000 INFO  id: 23517D66786BC361D80613C48F1437BB51BB5BE8B60290E02CA98F0E0DA0C052
2023-05-26 02:56:50.717+0000 INFO  name: system
2023-05-26 02:56:50.718+0000 INFO  creationDate: 2023-05-19T03:13:17.827Z
2023-05-26 02:56:50.721+0000 INFO  Started.
2023-05-26 02:57:05.217+0000 INFO  Neo4j Server shutdown initiated by request
2023-05-26 02:57:05.223+0000 INFO  Stopping...
2023-05-26 02:57:10.739+0000 INFO  Stopped.
2023-05-26 03:01:24.294+0000 WARN  Use of deprecated setting 'dbms.memory.pagecache.size'. It is replaced by 'server.memory.pagecache.size'.
2023-05-26 03:01:24.304+0000 INFO  Starting...
2023-05-26 03:01:25.062+0000 INFO  This instance is ServerId{ea0819c0} (ea0819c0-f25f-4e4f-8679-d6363b93bb40)
2023-05-26 03:01:26.181+0000 INFO  ======== Neo4j 5.7.0 ========
2023-05-26 03:01:29.316+0000 INFO  Bolt enabled on 0.0.0.0:7687.
2023-05-26 03:01:30.224+0000 INFO  Remote interface available at http://localhost:7474/
2023-05-26 03:01:30.229+0000 INFO  id: 23517D66786BC361D80613C48F1437BB51BB5BE8B60290E02CA98F0E0DA0C052
2023-05-26 03:01:30.231+0000 INFO  name: system
2023-05-26 03:01:30.233+0000 INFO  creationDate: 2023-05-19T03:13:17.827Z
2023-05-26 03:01:30.235+0000 INFO  Started.
2023-05-26 03:01:39.665+0000 INFO  Neo4j Server shutdown initiated by request
2023-05-26 03:01:39.668+0000 INFO  Stopping...
2023-05-26 03:01:45.369+0000 INFO  Stopped.
2023-05-26 03:10:49.830+0000 WARN  Use of deprecated setting 'dbms.memory.pagecache.size'. It is replaced by 'server.memory.pagecache.size'.
2023-05-26 03:10:49.839+0000 INFO  Starting...
2023-05-26 03:10:50.421+0000 INFO  This instance is ServerId{ea0819c0} (ea0819c0-f25f-4e4f-8679-d6363b93bb40)
2023-05-26 03:10:51.257+0000 INFO  ======== Neo4j 5.7.0 ========
2023-05-26 03:10:54.340+0000 INFO  Bolt enabled on 0.0.0.0:7687.
2023-05-26 03:10:55.191+0000 INFO  Remote interface available at http://localhost:7474/
2023-05-26 03:10:55.196+0000 INFO  id: 23517D66786BC361D80613C48F1437BB51BB5BE8B60290E02CA98F0E0DA0C052
2023-05-26 03:10:55.198+0000 INFO  name: system
2023-05-26 03:10:55.199+0000 INFO  creationDate: 2023-05-19T03:13:17.827Z
2023-05-26 03:10:55.201+0000 INFO  Started.
2023-05-26 03:12:39.900+0000 INFO  Neo4j Server shutdown initiated by request
2023-05-26 03:12:39.902+0000 INFO  Stopping...
2023-05-26 03:12:45.297+0000 INFO  Stopped.
2023-05-26 03:13:02.444+0000 WARN  Use of deprecated setting 'dbms.memory.pagecache.size'. It is replaced by 'server.memory.pagecache.size'.
2023-05-26 03:13:02.452+0000 INFO  Starting...
2023-05-26 03:13:03.211+0000 INFO  This instance is ServerId{ea0819c0} (ea0819c0-f25f-4e4f-8679-d6363b93bb40)
2023-05-26 03:13:04.080+0000 INFO  ======== Neo4j 5.7.0 ========
2023-05-26 03:13:07.043+0000 INFO  Bolt enabled on 0.0.0.0:7687.
2023-05-26 03:13:07.980+0000 INFO  Remote interface available at http://localhost:7474/
2023-05-26 03:13:07.985+0000 INFO  id: 23517D66786BC361D80613C48F1437BB51BB5BE8B60290E02CA98F0E0DA0C052
2023-05-26 03:13:07.987+0000 INFO  name: system
2023-05-26 03:13:07.989+0000 INFO  creationDate: 2023-05-19T03:13:17.827Z
2023-05-26 03:13:07.991+0000 INFO  Started.
2023-05-26 03:13:13.111+0000 INFO  Neo4j Server shutdown initiated by request
2023-05-26 03:13:13.113+0000 INFO  Stopping...
2023-05-26 03:13:18.499+0000 INFO  Stopped.
2023-05-26 03:13:36.947+0000 WARN  Use of deprecated setting 'dbms.memory.pagecache.size'. It is replaced by 'server.memory.pagecache.size'.
2023-05-26 03:13:36.953+0000 INFO  Starting...
2023-05-26 03:13:37.656+0000 INFO  This instance is ServerId{ea0819c0} (ea0819c0-f25f-4e4f-8679-d6363b93bb40)
2023-05-26 03:13:38.582+0000 INFO  ======== Neo4j 5.7.0 ========
2023-05-26 03:13:41.525+0000 INFO  Bolt enabled on 0.0.0.0:7687.
2023-05-26 03:13:42.575+0000 INFO  Remote interface available at http://localhost:7474/
2023-05-26 03:13:42.581+0000 INFO  id: 23517D66786BC361D80613C48F1437BB51BB5BE8B60290E02CA98F0E0DA0C052
2023-05-26 03:13:42.583+0000 INFO  name: system
2023-05-26 03:13:42.585+0000 INFO  creationDate: 2023-05-19T03:13:17.827Z
2023-05-26 03:13:42.587+0000 INFO  Started.
2023-05-26 03:13:51.334+0000 INFO  Neo4j Server shutdown initiated by request
2023-05-26 03:13:51.335+0000 INFO  Stopping...
2023-05-26 03:13:56.680+0000 INFO  Stopped.
2023-05-26 03:15:21.351+0000 WARN  Use of deprecated setting 'dbms.memory.pagecache.size'. It is replaced by 'server.memory.pagecache.size'.
2023-05-26 03:15:21.360+0000 INFO  Starting...
2023-05-26 03:15:22.061+0000 INFO  This instance is ServerId{ea0819c0} (ea0819c0-f25f-4e4f-8679-d6363b93bb40)
2023-05-26 03:15:22.845+0000 INFO  ======== Neo4j 5.7.0 ========
2023-05-26 03:15:26.271+0000 INFO  Bolt enabled on 0.0.0.0:7687.
2023-05-26 03:15:27.236+0000 INFO  Remote interface available at http://localhost:7474/
2023-05-26 03:15:27.244+0000 INFO  id: 23517D66786BC361D80613C48F1437BB51BB5BE8B60290E02CA98F0E0DA0C052
2023-05-26 03:15:27.248+0000 INFO  name: system
2023-05-26 03:15:27.250+0000 INFO  creationDate: 2023-05-19T03:13:17.827Z
2023-05-26 03:15:27.252+0000 INFO  Started.
2023-05-26 03:15:33.900+0000 INFO  Neo4j Server shutdown initiated by request
2023-05-26 03:15:33.902+0000 INFO  Stopping...
2023-05-26 03:15:39.301+0000 INFO  Stopped.
2023-05-26 03:16:02.603+0000 WARN  Use of deprecated setting 'dbms.memory.pagecache.size'. It is replaced by 'server.memory.pagecache.size'.
2023-05-26 03:16:02.611+0000 INFO  Starting...
2023-05-26 03:16:03.207+0000 INFO  This instance is ServerId{ea0819c0} (ea0819c0-f25f-4e4f-8679-d6363b93bb40)
2023-05-26 03:16:04.110+0000 INFO  ======== Neo4j 5.7.0 ========
2023-05-26 03:16:07.334+0000 INFO  Bolt enabled on 0.0.0.0:7687.
2023-05-26 03:16:09.137+0000 INFO  Remote interface available at http://localhost:7474/
2023-05-26 03:16:09.145+0000 INFO  id: 23517D66786BC361D80613C48F1437BB51BB5BE8B60290E02CA98F0E0DA0C052
2023-05-26 03:16:09.148+0000 INFO  name: system
2023-05-26 03:16:09.150+0000 INFO  creationDate: 2023-05-19T03:13:17.827Z
2023-05-26 03:16:09.155+0000 INFO  Started.
2023-05-26 03:16:37.778+0000 INFO  Neo4j Server shutdown initiated by request
2023-05-26 03:16:37.780+0000 INFO  Stopping...
2023-05-26 03:16:43.165+0000 INFO  Stopped.
2023-05-26 03:18:16.703+0000 WARN  Use of deprecated setting 'dbms.memory.pagecache.size'. It is replaced by 'server.memory.pagecache.size'.
2023-05-26 03:18:16.711+0000 INFO  Starting...
2023-05-26 03:18:17.368+0000 INFO  This instance is ServerId{ea0819c0} (ea0819c0-f25f-4e4f-8679-d6363b93bb40)
2023-05-26 03:18:18.306+0000 INFO  ======== Neo4j 5.7.0 ========
2023-05-26 03:18:21.268+0000 INFO  Bolt enabled on 0.0.0.0:7687.
2023-05-26 03:18:22.163+0000 INFO  Remote interface available at http://localhost:7474/
2023-05-26 03:18:22.168+0000 INFO  id: 23517D66786BC361D80613C48F1437BB51BB5BE8B60290E02CA98F0E0DA0C052
2023-05-26 03:18:22.170+0000 INFO  name: system
2023-05-26 03:18:22.171+0000 INFO  creationDate: 2023-05-19T03:13:17.827Z
2023-05-26 03:18:22.173+0000 INFO  Started.
2023-05-26 03:18:49.724+0000 INFO  Neo4j Server shutdown initiated by request
2023-05-26 03:18:49.725+0000 INFO  Stopping...
2023-05-26 03:18:55.069+0000 INFO  Stopped.
2023-05-26 03:19:16.347+0000 WARN  Use of deprecated setting 'dbms.memory.pagecache.size'. It is replaced by 'server.memory.pagecache.size'.
2023-05-26 03:19:16.354+0000 INFO  Starting...
2023-05-26 03:19:17.033+0000 INFO  This instance is ServerId{ea0819c0} (ea0819c0-f25f-4e4f-8679-d6363b93bb40)
2023-05-26 03:19:17.857+0000 INFO  ======== Neo4j 5.7.0 ========
2023-05-26 03:19:20.654+0000 INFO  Bolt enabled on 0.0.0.0:7687.
2023-05-26 03:19:21.572+0000 INFO  Remote interface available at http://localhost:7474/
2023-05-26 03:19:21.578+0000 INFO  id: 23517D66786BC361D80613C48F1437BB51BB5BE8B60290E02CA98F0E0DA0C052
2023-05-26 03:19:21.580+0000 INFO  name: system
2023-05-26 03:19:21.582+0000 INFO  creationDate: 2023-05-19T03:13:17.827Z
2023-05-26 03:19:21.584+0000 INFO  Started.
2023-05-26 03:19:24.608+0000 INFO  Neo4j Server shutdown initiated by request
2023-05-26 03:19:24.609+0000 INFO  Stopping...
2023-05-26 03:19:29.980+0000 INFO  Stopped.
2023-05-26 03:21:24.010+0000 WARN  Use of deprecated setting 'dbms.memory.pagecache.size'. It is replaced by 'server.memory.pagecache.size'.
2023-05-26 03:21:24.018+0000 INFO  Starting...
2023-05-26 03:21:24.691+0000 INFO  This instance is ServerId{ea0819c0} (ea0819c0-f25f-4e4f-8679-d6363b93bb40)
2023-05-26 03:21:25.609+0000 INFO  ======== Neo4j 5.7.0 ========
2023-05-26 03:21:28.467+0000 INFO  Bolt enabled on 0.0.0.0:7687.
2023-05-26 03:21:29.314+0000 INFO  Remote interface available at http://localhost:7474/
2023-05-26 03:21:29.319+0000 INFO  id: 23517D66786BC361D80613C48F1437BB51BB5BE8B60290E02CA98F0E0DA0C052
2023-05-26 03:21:29.321+0000 INFO  name: system
2023-05-26 03:21:29.323+0000 INFO  creationDate: 2023-05-19T03:13:17.827Z
2023-05-26 03:21:29.325+0000 INFO  Started.
2023-05-26 03:21:35.369+0000 INFO  Neo4j Server shutdown initiated by request
2023-05-26 03:21:35.371+0000 INFO  Stopping...
2023-05-26 03:21:40.722+0000 INFO  Stopped.
2023-05-26 03:40:10.514+0000 WARN  Use of deprecated setting 'dbms.memory.pagecache.size'. It is replaced by 'server.memory.pagecache.size'.
2023-05-26 03:40:10.523+0000 INFO  Starting...
2023-05-26 03:40:11.417+0000 INFO  This instance is ServerId{ea0819c0} (ea0819c0-f25f-4e4f-8679-d6363b93bb40)
2023-05-26 03:40:12.817+0000 INFO  ======== Neo4j 5.7.0 ========
2023-05-26 03:40:16.267+0000 INFO  Bolt enabled on 0.0.0.0:7687.
2023-05-26 03:40:17.224+0000 INFO  Remote interface available at http://localhost:7474/
2023-05-26 03:40:17.230+0000 INFO  id: 23517D66786BC361D80613C48F1437BB51BB5BE8B60290E02CA98F0E0DA0C052
2023-05-26 03:40:17.233+0000 INFO  name: system
2023-05-26 03:40:17.234+0000 INFO  creationDate: 2023-05-19T03:13:17.827Z
2023-05-26 03:40:17.236+0000 INFO  Started.
